<?xml version="1.0" encoding="UTF-8" ?>
<testsuite tests="6" failures="0" name="TestSuite" time="44.961" errors="0" skipped="0">
  <properties>
[...]
</properties>
  <testcase classname="com.wuchengxu.test.testdome.TestLoginPage" name="openHomePage" time="15.946"/>
  <testcase classname="com.wuchengxu.test.testdome.TestLoginPage" name="RiNameAndErrPs" time="4.917"/>
  <testcase classname="com.wuchengxu.test.testdome.openPage" name="add" time="0"/>
  <testcase classname="com.wuchengxu.test.testdome.BaseClassTest" name="openHomePage" time="14.777"/>
  <testcase classname="com.wuchengxu.test.testdome.Frame" name="abs" time="7.374"/>
  <testcase classname="com.wuchengxu.test.testdome.Bac" name="mam" time="0.001"/>
</testsuite>